<?xml version="1.0" encoding="UTF-8"?>
<!-- Generated by org.testng.reporters.JUnitXMLReporter -->
<testsuite ignored="0" hostname="DESKTOP-HKBD9MC" failures="0" tests="10" name="Test" time="54.475" errors="0" timestamp="2024-02-29T11:16:39 IST">
  <testcase classname="com.pratik.parallel.flipkart" name="LikeaProduct" time="0.016"/>
  <testcase classname="com.pratik.parallel.flipkart" name="Login" time="5.601"/>
  <testcase classname="com.pratik.parallel.flipkart" name="buyABook" time="10.85"/>
  <testcase classname="com.pratik.parallel.flipkart" name="clickOnHelp" time="0.002"/>
  <testcase classname="com.pratik.testngdemo.TestNGDemo" name="openlink" time="4.206"/>
  <testcase classname="com.pratik.parallel.sampletestng" name="openflipkart" time="8.025"/>
  <testcase classname="com.pratik.parallel.flipcart2" name="LikeaProduct" time="0.002"/>
  <testcase classname="com.pratik.parallel.flipcart2" name="Login" time="11.998"/>
  <testcase classname="com.pratik.parallel.flipcart2" name="buyABook" time="10.057"/>
  <testcase classname="com.pratik.parallel.flipcart2" name="clickOnHelp" time="0.002"/>
</testsuite> <!-- Test -->
