<?xml version="1.0" encoding="UTF-8"?>
<!-- Generated by org.testng.reporters.JUnitXMLReporter -->
<testsuite ignored="0" hostname="DESKTOP-HKBD9MC" failures="0" tests="4" name="Test5" time="11.704" errors="0" timestamp="2024-02-29T14:34:48 IST">
  <testcase classname="com.pratik.parallelpractice.geeksforgeeks" name="openTwitter" time="11.687"/>
  <testcase classname="com.pratik.parallelpractice.geeksforgeeks" name="testMethod1" time="0.001"/>
  <testcase classname="com.pratik.parallelpractice.geeksforgeeks" name="testMethod2" time="0.001"/>
  <testcase classname="com.pratik.parallelpractice.geeksforgeeks" name="testMethod3" time="0.001"/>
</testsuite> <!-- Test5 -->
