<?xml version="1.0" encoding="UTF-8"?>
<!-- Generated by org.testng.reporters.JUnitXMLReporter -->
<testsuite ignored="0" hostname="DESKTOP-HKBD9MC" failures="0" tests="3" name="Test7" time="9.134" errors="0" timestamp="2024-02-29T14:34:57 IST">
  <testcase classname="com.pratik.parallelpractice.tutorialspoint" name="openFacebook" time="9.122"/>
  <testcase classname="com.pratik.parallelpractice.tutorialspoint" name="testMethod1" time="0.002"/>
  <testcase classname="com.pratik.parallelpractice.tutorialspoint" name="testMethod2" time="0.003"/>
</testsuite> <!-- Test7 -->
